<?xml version="1.0" encoding="UTF-8"?>
<!-- Generated by org.testng.reporters.JUnitReportReporter -->
<testsuite hostname="LAPTOP-GCEPLDKO" failures="0" tests="1" name="TestRunne.TestRun" time="7.706" errors="0" timestamp="2021-09-12T20:00:05 PDT" skipped="0">
  <testcase classname="TestRunne.TestRun" name="feature" time="7.706"/>
  <system-out/>
</testsuite> <!-- TestRunne.TestRun -->
